<?xml version="1.0" encoding="UTF-8"?>
<!-- Generated by org.testng.reporters.JUnitReportReporter -->
<testsuite hostname="LAPTOP-GAUPM6CM" failures="0" tests="1" name="oct19th.ExplicitWaitDemo" time="13.523" errors="0" timestamp="2023-10-20T09:13:49 IST" skipped="0">
  <testcase classname="oct19th.ExplicitWaitDemo" name="waitsTest" time="13.523"/>
  <system-out/>
</testsuite> <!-- oct19th.ExplicitWaitDemo -->
