<?xml version="1.0" encoding="UTF-8"?>
<!-- Generated by org.testng.reporters.JUnitReportReporter -->
<testsuite hostname="LAPTOP-GAUPM6CM" failures="0" tests="1" name="oct20th.RadioButton" time="11.235" errors="0" timestamp="2023-10-20T09:34:21 IST" skipped="0">
  <testcase classname="oct20th.RadioButton" name="waitsTest" time="11.235"/>
  <system-out/>
</testsuite> <!-- oct20th.RadioButton -->
