<?xml version="1.0" encoding="UTF-8"?>
<!-- Generated by org.testng.reporters.JUnitReportReporter -->
<testsuite hostname="LAPTOP-GAUPM6CM" failures="0" tests="1" name="oct20th.WebTable3" time="36.218" errors="0" timestamp="2023-10-20T09:51:53 IST" skipped="0">
  <testcase classname="oct20th.WebTable3" name="webTableTest" time="36.218"/>
  <system-out/>
</testsuite> <!-- oct20th.WebTable3 -->
