<?xml version="1.0" encoding="UTF-8"?>
<!-- Generated by org.testng.reporters.JUnitReportReporter -->
<testsuite hostname="LAPTOP-GAUPM6CM" failures="0" tests="1" name="oct18th.ScreenshotDemo" time="7.431" errors="0" timestamp="2023-10-18T09:35:47 IST" skipped="0">
  <testcase classname="oct18th.ScreenshotDemo" name="screenshotTest" time="7.431"/>
  <system-out/>
</testsuite> <!-- oct18th.ScreenshotDemo -->
