<?xml version="1.0" encoding="UTF-8"?>
<!-- Generated by org.testng.reporters.JUnitReportReporter -->
<testsuite hostname="LAPTOP-GAUPM6CM" failures="0" tests="1" name="oct16th.MultipleFrame" time="7.816" errors="0" timestamp="2023-10-16T09:45:10 IST" skipped="0">
  <testcase classname="oct16th.MultipleFrame" name="frameHandlingTest" time="7.816"/>
  <system-out/>
</testsuite> <!-- oct16th.MultipleFrame -->
