<?xml version="1.0" encoding="UTF-8"?>
<!-- Generated by org.testng.reporters.JUnitReportReporter -->
<testsuite hostname="LAPTOP-GAUPM6CM" failures="0" tests="1" name="oct20th.CheckBox" time="8.135" errors="0" timestamp="2023-10-20T09:28:28 IST" skipped="0">
  <testcase classname="oct20th.CheckBox" name="waitsTest" time="8.135"/>
  <system-out/>
</testsuite> <!-- oct20th.CheckBox -->
