<?xml version="1.0" encoding="UTF-8"?>
<!-- Generated by org.testng.reporters.JUnitReportReporter -->
<testsuite hostname="LAPTOP-GAUPM6CM" failures="0" tests="1" name="oct16th.MultipleWindows" time="34.375" errors="0" timestamp="2023-10-16T09:32:34 IST" skipped="0">
  <testcase classname="oct16th.MultipleWindows" name="multipleWindowsTest" time="34.375"/>
  <system-out/>
</testsuite> <!-- oct16th.MultipleWindows -->
