<?xml version="1.0" encoding="UTF-8"?>
<!-- Generated by org.testng.reporters.JUnitReportReporter -->
<testsuite hostname="LAPTOP-GAUPM6CM" failures="0" tests="1" name="oct15th.PefferFry" time="24.946" errors="0" timestamp="2023-10-15T10:19:31 IST" skipped="0">
  <testcase classname="oct15th.PefferFry" name="dragAndDropTest" time="24.946"/>
  <system-out/>
</testsuite> <!-- oct15th.PefferFry -->
