<?xml version="1.0" encoding="UTF-8"?>
<!-- Generated by org.testng.reporters.JUnitReportReporter -->
<testsuite hostname="LAPTOP-GAUPM6CM" failures="0" tests="1" name="oct18th.ScrollDemo" time="9.821" errors="0" timestamp="2023-10-18T09:52:02 IST" skipped="0">
  <testcase classname="oct18th.ScrollDemo" name="alertHandlingTest" time="9.821"/>
  <system-out/>
</testsuite> <!-- oct18th.ScrollDemo -->
