<?xml version="1.0" encoding="UTF-8"?>
<!-- Generated by org.testng.reporters.JUnitReportReporter -->
<testsuite hostname="LAPTOP-GAUPM6CM" failures="0" tests="1" name="oct20th.WebTable2" time="22.136" errors="0" timestamp="2023-10-20T09:46:59 IST" skipped="0">
  <testcase classname="oct20th.WebTable2" name="webTableTest" time="22.136"/>
  <system-out/>
</testsuite> <!-- oct20th.WebTable2 -->
