<?xml version="1.0" encoding="UTF-8"?>
<!-- Generated by org.testng.reporters.JUnitReportReporter -->
<testsuite hostname="LAPTOP-GAUPM6CM" failures="0" tests="1" name="oct19th.AdactinLogin" time="20.828" errors="0" timestamp="2023-10-19T09:34:24 IST" skipped="0">
  <testcase classname="oct19th.AdactinLogin" name="loginTest" time="20.828"/>
  <system-out/>
</testsuite> <!-- oct19th.AdactinLogin -->
