<?xml version="1.0" encoding="UTF-8"?>
<!-- Generated by org.testng.reporters.JUnitReportReporter -->
<testsuite hostname="LAPTOP-GAUPM6CM" failures="0" tests="1" name="oct17th.AlertHandle" time="9.365" errors="0" timestamp="2023-10-17T09:30:20 IST" skipped="0">
  <testcase classname="oct17th.AlertHandle" name="alertHandlingTest" time="9.365"/>
  <system-out/>
</testsuite> <!-- oct17th.AlertHandle -->
