<?xml version="1.0" encoding="UTF-8"?>
<!-- Generated by org.testng.reporters.JUnitReportReporter -->
<testsuite hostname="LAPTOP-GAUPM6CM" failures="0" tests="1" name="oct15th.MultipleWindows" time="43.633" errors="0" timestamp="2023-10-16T09:26:05 IST" skipped="0">
  <testcase classname="oct15th.MultipleWindows" name="multipleWindowsTest" time="43.633"/>
  <system-out/>
</testsuite> <!-- oct15th.MultipleWindows -->
