<?xml version="1.0" encoding="UTF-8"?>
<!-- Generated by org.testng.reporters.JUnitReportReporter -->
<testsuite hostname="LAPTOP-GAUPM6CM" failures="0" tests="1" name="oct14th.TestNGDemo" time="0.012" errors="0" timestamp="2023-10-14T09:14:22 IST" skipped="0">
  <testcase classname="oct14th.TestNGDemo" name="test1" time="0.012"/>
  <system-out/>
</testsuite> <!-- oct14th.TestNGDemo -->
