<?xml version="1.0" encoding="UTF-8"?>
<!-- Generated by org.testng.reporters.JUnitReportReporter -->
<testsuite hostname="LAPTOP-GAUPM6CM" failures="0" tests="1" name="oct15th.DragAndDrop" time="7.683" errors="0" timestamp="2023-10-15T09:19:25 IST" skipped="0">
  <testcase classname="oct15th.DragAndDrop" name="dragAndDropTest" time="7.683"/>
  <system-out/>
</testsuite> <!-- oct15th.DragAndDrop -->
