<?xml version="1.0" encoding="UTF-8"?>
<!-- Generated by org.testng.reporters.JUnitReportReporter -->
<testsuite hostname="LAPTOP-GAUPM6CM" failures="0" tests="1" name="oct17th.FrameHandling" time="18.699" errors="0" timestamp="2023-10-17T09:17:13 IST" skipped="0">
  <testcase classname="oct17th.FrameHandling" name="frameHandlingTest" time="18.699"/>
  <system-out/>
</testsuite> <!-- oct17th.FrameHandling -->
