<?xml version="1.0" encoding="UTF-8"?>
<!-- Generated by org.testng.reporters.JUnitReportReporter -->
<testsuite hostname="LAPTOP-GAUPM6CM" failures="0" tests="1" name="oct19th.ImplicitWaitDemo" time="6.854" errors="0" timestamp="2023-10-19T09:46:11 IST" skipped="0">
  <testcase classname="oct19th.ImplicitWaitDemo" name="waitsTest" time="6.854"/>
  <system-out/>
</testsuite> <!-- oct19th.ImplicitWaitDemo -->
