<?xml version="1.0" encoding="UTF-8"?>
<!-- Generated by org.testng.reporters.JUnitReportReporter -->
<testsuite hostname="LAPTOP-GAUPM6CM" failures="0" tests="1" name="oct14th.MouseHover" time="18.306" errors="0" timestamp="2023-10-14T09:55:48 IST" skipped="0">
  <testcase classname="oct14th.MouseHover" name="mouseHoverTest" time="18.306"/>
  <system-out/>
</testsuite> <!-- oct14th.MouseHover -->
