<?xml version="1.0" encoding="UTF-8"?>
<!-- Generated by org.testng.reporters.JUnitReportReporter -->
<testsuite hostname="LAPTOP-GAUPM6CM" failures="0" tests="1" name="oct20th.FluentWaitDemo" time="12.156" errors="0" timestamp="2023-10-20T09:23:05 IST" skipped="0">
  <testcase classname="oct20th.FluentWaitDemo" name="waitsTest" time="12.156"/>
  <system-out/>
</testsuite> <!-- oct20th.FluentWaitDemo -->
